This is pdfTeX, Version 3.1415926-1.40.10 (TeX Live 2009/Debian) (format=latex 2011.4.5)  8 APR 2011 21:55
entering extended mode
 %&-line parsing enabled.
**thesis.tex
(./thesis.tex
LaTeX2e <2009/09/24>
Babel <v3.8l> and hyphenation patterns for english, usenglishmax, dumylang, noh
yphenation, pinyin, loaded.
(./iitmdiss.cls
Document Class: iitmdiss 2005/03/09 Class for IIT-Madras Dissertations
(/usr/share/texmf-texlive/tex/latex/base/report.cls
Document Class: report 2007/10/19 v1.4h Standard LaTeX document class
(/usr/share/texmf-texlive/tex/latex/base/size12.clo
File: size12.clo 2007/10/19 v1.4h Standard LaTeX file (size option)
)
\c@part=\count79
\c@chapter=\count80
\c@section=\count81
\c@subsection=\count82
\c@subsubsection=\count83
\c@paragraph=\count84
\c@subparagraph=\count85
\c@figure=\count86
\c@table=\count87
\abovecaptionskip=\skip41
\belowcaptionskip=\skip42
\bibindent=\dimen102
)
(/usr/share/texmf-texlive/tex/latex/geometry/geometry.sty
Package: geometry 2008/12/21 v4.2 Page Geometry

(/usr/share/texmf-texlive/tex/latex/graphics/keyval.sty
Package: keyval 1999/03/16 v1.13 key=value parser (DPC)
\KV@toks@=\toks14
)
(/usr/share/texmf-texlive/tex/generic/oberdiek/ifpdf.sty
Package: ifpdf 2009/04/10 v2.0 Provides the ifpdf switch (HO)
Package ifpdf Info: pdfTeX in pdf mode not detected.
)
(/usr/share/texmf-texlive/tex/generic/oberdiek/ifvtex.sty
Package: ifvtex 2008/11/04 v1.4 Switches for detecting VTeX and its modes (HO)
Package ifvtex Info: VTeX not detected.
)
\Gm@cnth=\count88
\Gm@cntv=\count89
\c@Gm@tempcnt=\count90
\Gm@bindingoffset=\dimen103
\Gm@wd@mp=\dimen104
\Gm@odd@mp=\dimen105
\Gm@even@mp=\dimen106
\Gm@dimlist=\toks15

(/usr/share/texmf-texlive/tex/xelatex/xetexconfig/geometry.cfg)

Package geometry Warning: Over-specification in `h'-direction.
    `width' (438.74144pt) is ignored.


Package geometry Warning: Over-specification in `v'-direction.
    `height' (684.41338pt) is ignored.

) (./setspace.sty
Package: setspace 2000/12/01 6.7 Contributed and Supported LaTeX2e package

Package: `setspace' 6.7 <2000/12/01>
) (./atbeginend.sty) (/usr/share/texmf-texlive/tex/latex/caption/caption.sty
Package: caption 2009/10/09 v3.1k Customizing captions (AR)

(/usr/share/texmf-texlive/tex/latex/caption/caption3.sty
Package: caption3 2009/10/09 v3.1k caption3 kernel (AR)
\captionmargin=\dimen107
\captionmargin@=\dimen108
\captionwidth=\dimen109
\caption@indent=\dimen110
\caption@parindent=\dimen111
\caption@hangindent=\dimen112
)
\c@ContinuedFloat=\count91
)
(/usr/share/texmf-texlive/tex/latex/graphics/graphicx.sty
Package: graphicx 1999/02/16 v1.0f Enhanced LaTeX Graphics (DPC,SPQR)

(/usr/share/texmf-texlive/tex/latex/graphics/graphics.sty
Package: graphics 2009/02/05 v1.0o Standard LaTeX Graphics (DPC,SPQR)

(/usr/share/texmf-texlive/tex/latex/graphics/trig.sty
Package: trig 1999/03/16 v1.09 sin cos tan (DPC)
)
(/etc/texmf/tex/latex/config/graphics.cfg
File: graphics.cfg 2009/08/28 v1.8 graphics configuration of TeX Live
)
Package graphics Info: Driver file: dvips.def on input line 91.

(/usr/share/texmf-texlive/tex/latex/graphics/dvips.def
File: dvips.def 1999/02/16 v3.0i Driver-dependant file (DPC,SPQR)
))
\Gin@req@height=\dimen113
\Gin@req@width=\dimen114
))
(/usr/share/texmf-texlive/tex/latex/amsmath/amsmath.sty
Package: amsmath 2000/07/18 v2.13 AMS math features
\@mathmargin=\skip43

For additional information on amsmath, use the `?' option.
(/usr/share/texmf-texlive/tex/latex/amsmath/amstext.sty
Package: amstext 2000/06/29 v2.01

(/usr/share/texmf-texlive/tex/latex/amsmath/amsgen.sty
File: amsgen.sty 1999/11/30 v2.0
\@emptytoks=\toks16
\ex@=\dimen115
))
(/usr/share/texmf-texlive/tex/latex/amsmath/amsbsy.sty
Package: amsbsy 1999/11/29 v1.2d
\pmbraise@=\dimen116
)
(/usr/share/texmf-texlive/tex/latex/amsmath/amsopn.sty
Package: amsopn 1999/12/14 v2.01 operator names
)
\inf@bad=\count92
LaTeX Info: Redefining \frac on input line 211.
\uproot@=\count93
\leftroot@=\count94
LaTeX Info: Redefining \overline on input line 307.
\classnum@=\count95
\DOTSCASE@=\count96
LaTeX Info: Redefining \ldots on input line 379.
LaTeX Info: Redefining \dots on input line 382.
LaTeX Info: Redefining \cdots on input line 467.
\Mathstrutbox@=\box26
\strutbox@=\box27
\big@size=\dimen117
LaTeX Font Info:    Redeclaring font encoding OML on input line 567.
LaTeX Font Info:    Redeclaring font encoding OMS on input line 568.
\macc@depth=\count97
\c@MaxMatrixCols=\count98
\dotsspace@=\muskip10
\c@parentequation=\count99
\dspbrk@lvl=\count100
\tag@help=\toks17
\row@=\count101
\column@=\count102
\maxfields@=\count103
\andhelp@=\toks18
\eqnshift@=\dimen118
\alignsep@=\dimen119
\tagshift@=\dimen120
\tagwidth@=\dimen121
\totwidth@=\dimen122
\lineht@=\dimen123
\@envbody=\toks19
\multlinegap=\skip44
\multlinetaggap=\skip45
\mathdisplay@stack=\toks20
LaTeX Info: Redefining \[ on input line 2666.
LaTeX Info: Redefining \] on input line 2667.
)
(/usr/share/texmf-texlive/tex/latex/jknapltx/mathrsfs.sty
Package: mathrsfs 1996/01/01 Math RSFS package v1.0 (jk)
\symrsfs=\mathgroup4
)
(/usr/share/texmf-texlive/tex/latex/pstricks/pstricks.sty
Package: pstricks 2008/11/26 v0.40 LaTeX wrapper for `PSTricks' (RN,HV)

(/usr/share/texmf-texlive/tex/generic/pstricks/pstricks.tex
`PSTricks' v1.29  <2009/05/19> (tvz)
\pst@dima=\dimen124
\pst@dimb=\dimen125
\pst@dimc=\dimen126
\pst@dimd=\dimen127
\pst@dimg=\dimen128
\pst@dimh=\dimen129
\pst@hbox=\box28
\pst@boxg=\box29
\pst@cnta=\count104
\pst@cntb=\count105
\pst@cntc=\count106
\pst@cntd=\count107
\pst@cntg=\count108
\pst@cnth=\count109
\pst@toks=\toks21
(/usr/share/texmf-texlive/tex/generic/pstricks/pstricks.con)
\psunit=\dimen130
\psxunit=\dimen131
\psyunit=\dimen132
\pslinewidth=\dimen133
\pst@customdefs=\toks22
\pslinearc=\dimen134
\everypsbox=\toks23
\psframesep=\dimen135
\pslabelsep=\dimen136
\pst@shift=\dimen137
\theoverlaybox=\box30
)
File: pstricks.tex 2009/05/19 v1.29 `PSTricks' (tvz,hv)

(/usr/share/texmf/tex/latex/xcolor/xcolor.sty
Package: xcolor 2007/01/21 v2.11 LaTeX color extensions (UK)

(/etc/texmf/tex/latex/config/color.cfg
File: color.cfg 2007/01/18 v1.5 color configuration of teTeX/TeXLive
)
Package xcolor Info: Driver file: dvips.def on input line 225.
Package xcolor Info: Model `cmy' substituted by `cmy0' on input line 1337.
Package xcolor Info: Model `RGB' extended on input line 1353.
Package xcolor Info: Model `HTML' substituted by `rgb' on input line 1355.
Package xcolor Info: Model `Hsb' substituted by `hsb' on input line 1356.
Package xcolor Info: Model `tHsb' substituted by `hsb' on input line 1357.
Package xcolor Info: Model `HSB' substituted by `hsb' on input line 1358.
Package xcolor Info: Model `Gray' substituted by `gray' on input line 1359.
Package xcolor Info: Model `wave' substituted by `hsb' on input line 1360.
))
(/usr/share/texmf-texlive/tex/latex/pstricks/pst-node.sty
Package: pst-node 2006/01/01 package wrapper for pst-node.tex

(/usr/share/texmf-texlive/tex/generic/pstricks/pst-node.tex  v1.01, 2008/11/26
\psrow=\count110
\pscol=\count111
\psmatrixcnt=\count112
\psrowsep=\skip46
\pscolsep=\skip47
)
File: pst-node.tex 2008/11/26 1.01 `pst-node' (tvz)
) (/usr/share/texmf-texlive/tex/latex/pst-tree/pst-tree.sty
Package: pst-tree 2009/01/25 package wrapper for pst-tree.tex

(/usr/share/texmf-texlive/tex/generic/pst-tree/pst-tree.tex
(/usr/share/texmf-texlive/tex/generic/xkeyval/pst-xkey.tex
File: pst-xkey.tex 2005/11/25 v1.6 PSTricks specialization of xkeyval (HA)

(/usr/share/texmf-texlive/tex/latex/xkeyval/xkeyval.sty
Package: xkeyval 2008/08/13 v2.6a package option processing (HA)

(/usr/share/texmf-texlive/tex/generic/xkeyval/xkeyval.tex
\XKV@toks=\toks24
\XKV@tempa@toks=\toks25
\XKV@depth=\count113
File: xkeyval.tex 2008/08/13 v2.6a key=value parser (HA)
)))
 v1.11, 2009/09/17(tvz,dg,hv)
\pstree@rootbox=\box31
\pstree@box=\box32
\psnodecnt=\count114
\pstreelevel=\count115
\pstreecnt=\count116
\pstree@cnt=\count117
\pstree@stop=\count118
)
File: pst-tree.tex 2009/09/17 1.11 `pst-tree' (tvz,hv)
)
(/usr/share/texmf-texlive/tex/latex/titlesec/titlesec.sty
Package: titlesec 2007/08/12 v2.8 Sectioning titles
\ttl@box=\box33
\beforetitleunit=\skip48
\aftertitleunit=\skip49
\ttl@plus=\dimen138
\ttl@minus=\dimen139
\ttl@toksa=\toks26
\titlewidth=\dimen140
\titlewidthlast=\dimen141
\titlewidthfirst=\dimen142
)
(/usr/share/texmf-texlive/tex/latex/tools/verbatim.sty
Package: verbatim 2003/08/22 v1.5q LaTeX2e package for verbatim enhancements
\every@verbatim=\toks27
\verbatim@line=\toks28
\verbatim@in@stream=\read1
)
(/usr/share/texmf-texlive/tex/latex/fancyvrb/fancyvrb.sty
Package: fancyvrb 2008/02/07

Style option: `fancyvrb' v2.7a, with DG/SPQR fixes, and firstline=lastline fix 
<2008/02/07> (tvz)
\FV@CodeLineNo=\count119
\FV@InFile=\read2
\FV@TabBox=\box34
\c@FancyVerbLine=\count120
\FV@StepNumber=\count121
\FV@OutFile=\write3
) (/usr/share/texmf-texlive/tex/latex/ltxmisc/relsize.sty
Package: relsize 2003/07/04 ver 3.1
)
(/usr/share/texmf-texlive/tex/latex/psnfss/times.sty
Package: times 2005/04/12 PSNFSS-v9.2a (SPQR) 
)
(/usr/share/texmf-texlive/tex/generic/epsf/epsf.sty
This is `epsf.tex' v2.7.3 <23 July 2005>
\epsffilein=\read3
\epsfframemargin=\dimen143
\epsfframethickness=\dimen144
\epsfrsize=\dimen145
\epsftmp=\dimen146
\epsftsize=\dimen147
\epsfxsize=\dimen148
\epsfysize=\dimen149
\pspoints=\dimen150
) (/usr/share/texmf-texlive/tex/latex/ltxmisc/threeparttable.sty
Package: threeparttable 2003/06/13  v 3.0
\@tempboxb=\box35
)
(/usr/share/texmf-texlive/tex/latex/amscls/amsthm.sty
Package: amsthm 2004/08/06 v2.20
\thm@style=\toks29
\thm@bodyfont=\toks30
\thm@headfont=\toks31
\thm@notefont=\toks32
\thm@headpunct=\toks33
\thm@preskip=\skip50
\thm@postskip=\skip51
\thm@headsep=\skip52
\dth@everypar=\toks34
)
(/usr/share/texmf-texlive/tex/latex/txfonts/txfonts.sty
Package: txfonts 2008/01/22 v3.2.1
LaTeX Font Info:    Redeclaring symbol font `operators' on input line 21.
LaTeX Font Info:    Overwriting symbol font `operators' in version `normal'
(Font)                  OT1/cmr/m/n --> OT1/txr/m/n on input line 21.
LaTeX Font Info:    Overwriting symbol font `operators' in version `bold'
(Font)                  OT1/cmr/bx/n --> OT1/txr/m/n on input line 21.
LaTeX Font Info:    Overwriting symbol font `operators' in version `bold'
(Font)                  OT1/txr/m/n --> OT1/txr/bx/n on input line 22.
\symitalic=\mathgroup5
LaTeX Font Info:    Overwriting symbol font `italic' in version `bold'
(Font)                  OT1/txr/m/it --> OT1/txr/bx/it on input line 26.
LaTeX Font Info:    Redeclaring math alphabet \mathbf on input line 29.
LaTeX Font Info:    Overwriting math alphabet `\mathbf' in version `normal'
(Font)                  OT1/cmr/bx/n --> OT1/txr/bx/n on input line 29.
LaTeX Font Info:    Overwriting math alphabet `\mathbf' in version `bold'
(Font)                  OT1/cmr/bx/n --> OT1/txr/bx/n on input line 29.
LaTeX Font Info:    Redeclaring math alphabet \mathit on input line 30.
LaTeX Font Info:    Overwriting math alphabet `\mathit' in version `normal'
(Font)                  OT1/cmr/m/it --> OT1/txr/m/it on input line 30.
LaTeX Font Info:    Overwriting math alphabet `\mathit' in version `bold'
(Font)                  OT1/cmr/bx/it --> OT1/txr/m/it on input line 30.
LaTeX Font Info:    Overwriting math alphabet `\mathit' in version `bold'
(Font)                  OT1/txr/m/it --> OT1/txr/bx/it on input line 31.
LaTeX Font Info:    Redeclaring math alphabet \mathsf on input line 40.
LaTeX Font Info:    Overwriting math alphabet `\mathsf' in version `normal'
(Font)                  OT1/cmss/m/n --> OT1/txss/m/n on input line 40.
LaTeX Font Info:    Overwriting math alphabet `\mathsf' in version `bold'
(Font)                  OT1/cmss/bx/n --> OT1/txss/m/n on input line 40.
LaTeX Font Info:    Overwriting math alphabet `\mathsf' in version `bold'
(Font)                  OT1/txss/m/n --> OT1/txss/b/n on input line 41.
LaTeX Font Info:    Redeclaring math alphabet \mathtt on input line 50.
LaTeX Font Info:    Overwriting math alphabet `\mathtt' in version `normal'
(Font)                  OT1/cmtt/m/n --> OT1/txtt/m/n on input line 50.
LaTeX Font Info:    Overwriting math alphabet `\mathtt' in version `bold'
(Font)                  OT1/cmtt/m/n --> OT1/txtt/m/n on input line 50.
LaTeX Font Info:    Overwriting math alphabet `\mathtt' in version `bold'
(Font)                  OT1/txtt/m/n --> OT1/txtt/b/n on input line 51.
LaTeX Font Info:    Redeclaring symbol font `letters' on input line 58.
LaTeX Font Info:    Overwriting symbol font `letters' in version `normal'
(Font)                  OML/cmm/m/it --> OML/txmi/m/it on input line 58.
LaTeX Font Info:    Overwriting symbol font `letters' in version `bold'
(Font)                  OML/cmm/b/it --> OML/txmi/m/it on input line 58.
LaTeX Font Info:    Overwriting symbol font `letters' in version `bold'
(Font)                  OML/txmi/m/it --> OML/txmi/bx/it on input line 59.
\symlettersA=\mathgroup6
LaTeX Font Info:    Overwriting symbol font `lettersA' in version `bold'
(Font)                  U/txmia/m/it --> U/txmia/bx/it on input line 67.
LaTeX Font Info:    Redeclaring symbol font `symbols' on input line 77.
LaTeX Font Info:    Overwriting symbol font `symbols' in version `normal'
(Font)                  OMS/cmsy/m/n --> OMS/txsy/m/n on input line 77.
LaTeX Font Info:    Overwriting symbol font `symbols' in version `bold'
(Font)                  OMS/cmsy/b/n --> OMS/txsy/m/n on input line 77.
LaTeX Font Info:    Overwriting symbol font `symbols' in version `bold'
(Font)                  OMS/txsy/m/n --> OMS/txsy/bx/n on input line 78.
\symAMSa=\mathgroup7
LaTeX Font Info:    Overwriting symbol font `AMSa' in version `bold'
(Font)                  U/txsya/m/n --> U/txsya/bx/n on input line 94.
\symAMSb=\mathgroup8
LaTeX Font Info:    Overwriting symbol font `AMSb' in version `bold'
(Font)                  U/txsyb/m/n --> U/txsyb/bx/n on input line 103.
\symsymbolsC=\mathgroup9
LaTeX Font Info:    Overwriting symbol font `symbolsC' in version `bold'
(Font)                  U/txsyc/m/n --> U/txsyc/bx/n on input line 113.
LaTeX Font Info:    Redeclaring symbol font `largesymbols' on input line 120.
LaTeX Font Info:    Overwriting symbol font `largesymbols' in version `normal'
(Font)                  OMX/cmex/m/n --> OMX/txex/m/n on input line 120.
LaTeX Font Info:    Overwriting symbol font `largesymbols' in version `bold'
(Font)                  OMX/cmex/m/n --> OMX/txex/m/n on input line 120.
LaTeX Font Info:    Overwriting symbol font `largesymbols' in version `bold'
(Font)                  OMX/txex/m/n --> OMX/txex/bx/n on input line 121.
\symlargesymbolsA=\mathgroup10
LaTeX Font Info:    Overwriting symbol font `largesymbolsA' in version `bold'
(Font)                  U/txexa/m/n --> U/txexa/bx/n on input line 129.
LaTeX Info: Redefining \not on input line 1043.
LaTeX Info: Redefining \textsquare on input line 1063.
LaTeX Info: Redefining \openbox on input line 1064.
)
(/usr/share/texmf-texlive/tex/latex/pxfonts/pxfonts.sty
Package: pxfonts 2008/01/22 v1.1.1
LaTeX Font Info:    Redeclaring symbol font `operators' on input line 21.
LaTeX Font Info:    Overwriting symbol font `operators' in version `normal'
(Font)                  OT1/txr/m/n --> OT1/pxr/m/n on input line 21.
LaTeX Font Info:    Overwriting symbol font `operators' in version `bold'
(Font)                  OT1/txr/bx/n --> OT1/pxr/m/n on input line 21.
LaTeX Font Info:    Overwriting symbol font `operators' in version `bold'
(Font)                  OT1/pxr/m/n --> OT1/pxr/bx/n on input line 22.
LaTeX Font Info:    Redeclaring symbol font `italic' on input line 25.
LaTeX Font Info:    Overwriting symbol font `italic' in version `normal'
(Font)                  OT1/txr/m/it --> OT1/pxr/m/it on input line 25.
LaTeX Font Info:    Overwriting symbol font `italic' in version `bold'
(Font)                  OT1/txr/bx/it --> OT1/pxr/m/it on input line 25.
LaTeX Font Info:    Overwriting symbol font `italic' in version `bold'
(Font)                  OT1/pxr/m/it --> OT1/pxr/bx/it on input line 26.
LaTeX Font Info:    Redeclaring math alphabet \mathbf on input line 29.
LaTeX Font Info:    Overwriting math alphabet `\mathbf' in version `normal'
(Font)                  OT1/txr/bx/n --> OT1/pxr/bx/n on input line 29.
LaTeX Font Info:    Overwriting math alphabet `\mathbf' in version `bold'
(Font)                  OT1/txr/bx/n --> OT1/pxr/bx/n on input line 29.
LaTeX Font Info:    Redeclaring math alphabet \mathit on input line 30.
LaTeX Font Info:    Overwriting math alphabet `\mathit' in version `normal'
(Font)                  OT1/txr/m/it --> OT1/pxr/m/it on input line 30.
LaTeX Font Info:    Overwriting math alphabet `\mathit' in version `bold'
(Font)                  OT1/txr/bx/it --> OT1/pxr/m/it on input line 30.
LaTeX Font Info:    Overwriting math alphabet `\mathit' in version `bold'
(Font)                  OT1/pxr/m/it --> OT1/pxr/bx/it on input line 31.
LaTeX Font Info:    Redeclaring math alphabet \mathsf on input line 40.
LaTeX Font Info:    Overwriting math alphabet `\mathsf' in version `normal'
(Font)                  OT1/txss/m/n --> OT1/pxss/m/n on input line 40.
LaTeX Font Info:    Overwriting math alphabet `\mathsf' in version `bold'
(Font)                  OT1/txss/b/n --> OT1/pxss/m/n on input line 40.
LaTeX Font Info:    Overwriting math alphabet `\mathsf' in version `bold'
(Font)                  OT1/pxss/m/n --> OT1/pxss/b/n on input line 41.
LaTeX Font Info:    Redeclaring math alphabet \mathtt on input line 50.
LaTeX Font Info:    Overwriting math alphabet `\mathtt' in version `normal'
(Font)                  OT1/txtt/m/n --> OT1/pxtt/m/n on input line 50.
LaTeX Font Info:    Overwriting math alphabet `\mathtt' in version `bold'
(Font)                  OT1/txtt/b/n --> OT1/pxtt/m/n on input line 50.
LaTeX Font Info:    Overwriting math alphabet `\mathtt' in version `bold'
(Font)                  OT1/pxtt/m/n --> OT1/pxtt/b/n on input line 51.
LaTeX Font Info:    Redeclaring symbol font `letters' on input line 58.
LaTeX Font Info:    Overwriting symbol font `letters' in version `normal'
(Font)                  OML/txmi/m/it --> OML/pxmi/m/it on input line 58.
LaTeX Font Info:    Overwriting symbol font `letters' in version `bold'
(Font)                  OML/txmi/bx/it --> OML/pxmi/m/it on input line 58.
LaTeX Font Info:    Overwriting symbol font `letters' in version `bold'
(Font)                  OML/pxmi/m/it --> OML/pxmi/bx/it on input line 59.
LaTeX Font Info:    Redeclaring symbol font `lettersA' on input line 66.
LaTeX Font Info:    Overwriting symbol font `lettersA' in version `normal'
(Font)                  U/txmia/m/it --> U/pxmia/m/it on input line 66.
LaTeX Font Info:    Overwriting symbol font `lettersA' in version `bold'
(Font)                  U/txmia/bx/it --> U/pxmia/m/it on input line 66.
LaTeX Font Info:    Overwriting symbol font `lettersA' in version `bold'
(Font)                  U/pxmia/m/it --> U/pxmia/bx/it on input line 67.
LaTeX Font Info:    Redeclaring symbol font `symbols' on input line 77.
LaTeX Font Info:    Overwriting symbol font `symbols' in version `normal'
(Font)                  OMS/txsy/m/n --> OMS/pxsy/m/n on input line 77.
LaTeX Font Info:    Overwriting symbol font `symbols' in version `bold'
(Font)                  OMS/txsy/bx/n --> OMS/pxsy/m/n on input line 77.
LaTeX Font Info:    Overwriting symbol font `symbols' in version `bold'
(Font)                  OMS/pxsy/m/n --> OMS/pxsy/bx/n on input line 78.
LaTeX Font Info:    Redeclaring symbol font `AMSa' on input line 93.
LaTeX Font Info:    Overwriting symbol font `AMSa' in version `normal'
(Font)                  U/txsya/m/n --> U/pxsya/m/n on input line 93.
LaTeX Font Info:    Overwriting symbol font `AMSa' in version `bold'
(Font)                  U/txsya/bx/n --> U/pxsya/m/n on input line 93.
LaTeX Font Info:    Overwriting symbol font `AMSa' in version `bold'
(Font)                  U/pxsya/m/n --> U/pxsya/bx/n on input line 94.
LaTeX Font Info:    Redeclaring symbol font `AMSb' on input line 102.
LaTeX Font Info:    Overwriting symbol font `AMSb' in version `normal'
(Font)                  U/txsyb/m/n --> U/pxsyb/m/n on input line 102.
LaTeX Font Info:    Overwriting symbol font `AMSb' in version `bold'
(Font)                  U/txsyb/bx/n --> U/pxsyb/m/n on input line 102.
LaTeX Font Info:    Overwriting symbol font `AMSb' in version `bold'
(Font)                  U/pxsyb/m/n --> U/pxsyb/bx/n on input line 103.
LaTeX Font Info:    Redeclaring symbol font `symbolsC' on input line 112.
LaTeX Font Info:    Overwriting symbol font `symbolsC' in version `normal'
(Font)                  U/txsyc/m/n --> U/pxsyc/m/n on input line 112.
LaTeX Font Info:    Overwriting symbol font `symbolsC' in version `bold'
(Font)                  U/txsyc/bx/n --> U/pxsyc/m/n on input line 112.
LaTeX Font Info:    Overwriting symbol font `symbolsC' in version `bold'
(Font)                  U/pxsyc/m/n --> U/pxsyc/bx/n on input line 113.
LaTeX Font Info:    Redeclaring symbol font `largesymbols' on input line 120.
LaTeX Font Info:    Overwriting symbol font `largesymbols' in version `normal'
(Font)                  OMX/txex/m/n --> OMX/pxex/m/n on input line 120.
LaTeX Font Info:    Overwriting symbol font `largesymbols' in version `bold'
(Font)                  OMX/txex/bx/n --> OMX/pxex/m/n on input line 120.
LaTeX Font Info:    Overwriting symbol font `largesymbols' in version `bold'
(Font)                  OMX/pxex/m/n --> OMX/pxex/bx/n on input line 121.
LaTeX Font Info:    Redeclaring symbol font `largesymbolsA' on input line 128.
LaTeX Font Info:    Overwriting symbol font `largesymbolsA' in version `normal'

(Font)                  U/txexa/m/n --> U/pxexa/m/n on input line 128.
LaTeX Font Info:    Overwriting symbol font `largesymbolsA' in version `bold'
(Font)                  U/txexa/bx/n --> U/pxexa/m/n on input line 128.
LaTeX Font Info:    Overwriting symbol font `largesymbolsA' in version `bold'
(Font)                  U/pxexa/m/n --> U/pxexa/bx/n on input line 129.
LaTeX Font Info:    Redeclaring math symbol \n@tch@r on input line 995.
LaTeX Info: Redefining \not on input line 997.
LaTeX Info: Redefining \textsquare on input line 1017.
LaTeX Info: Redefining \openbox on input line 1018.
)
(/usr/share/texmf-texlive/tex/latex/amsfonts/amsfonts.sty
Package: amsfonts 2009/06/22 v3.00 Basic AMSFonts support
LaTeX Font Info:    Redeclaring symbol font `AMSa' on input line 49.
LaTeX Font Info:    Overwriting symbol font `AMSa' in version `normal'
(Font)                  U/pxsya/m/n --> U/msa/m/n on input line 49.
LaTeX Font Info:    Overwriting symbol font `AMSa' in version `bold'
(Font)                  U/pxsya/bx/n --> U/msa/m/n on input line 49.
LaTeX Font Info:    Redeclaring symbol font `AMSb' on input line 50.
LaTeX Font Info:    Overwriting symbol font `AMSb' in version `normal'
(Font)                  U/pxsyb/m/n --> U/msb/m/n on input line 50.
LaTeX Font Info:    Overwriting symbol font `AMSb' in version `bold'
(Font)                  U/pxsyb/bx/n --> U/msb/m/n on input line 50.
LaTeX Font Info:    Redeclaring math delimiter \ulcorner on input line 64.
LaTeX Font Info:    Redeclaring math delimiter \urcorner on input line 65.
LaTeX Font Info:    Redeclaring math delimiter \llcorner on input line 66.
LaTeX Font Info:    Redeclaring math delimiter \lrcorner on input line 67.
LaTeX Font Info:    Redeclaring math alphabet \mathfrak on input line 95.
LaTeX Font Info:    Overwriting math alphabet `\mathfrak' in version `bold'
(Font)                  U/euf/m/n --> U/euf/b/n on input line 96.
LaTeX Font Info:    Redeclaring math symbol \square on input line 128.
LaTeX Font Info:    Redeclaring math symbol \lozenge on input line 129.
LaTeX Font Info:    Redeclaring math symbol \vartriangleright on input line 130
.
LaTeX Font Info:    Redeclaring math symbol \vartriangleleft on input line 131.

LaTeX Font Info:    Redeclaring math symbol \trianglerighteq on input line 132.

LaTeX Font Info:    Redeclaring math symbol \trianglelefteq on input line 133.
LaTeX Font Info:    Redeclaring math symbol \rightsquigarrow on input line 134.

)
(/usr/share/texmf-texlive/tex/latex/graphics/epsfig.sty
Package: epsfig 1999/02/16 v1.7a (e)psfig emulation (SPQR)
\epsfxsize=\dimen151
\epsfysize=\dimen152
)
(/usr/share/texmf-texlive/tex/latex/subfig/subfig.sty
Package: subfig 2005/06/28 ver: 1.3 subfig package
\c@KVtest=\count122
\sf@farskip=\skip53
\sf@captopadj=\dimen153
\sf@capskip=\skip54
\sf@nearskip=\skip55
\c@subfigure=\count123
\c@subfigure@save=\count124
\c@lofdepth=\count125
\c@subtable=\count126
\c@subtable@save=\count127
\c@lotdepth=\count128
\sf@top=\skip56
\sf@bottom=\skip57
)
(/usr/share/texmf-texlive/tex/latex/natbib/natbib.sty
Package: natbib 2009/07/16 8.31 (PWD, AO)
\bibhang=\skip58
\bibsep=\skip59
LaTeX Info: Redefining \cite on input line 694.
\c@NAT@ctr=\count129
)
(/usr/share/texmf-texlive/tex/latex/hyperref/hyperref.sty
Package: hyperref 2009/10/09 v6.79a Hypertext links for LaTeX

(/usr/share/texmf-texlive/tex/generic/ifxetex/ifxetex.sty
Package: ifxetex 2009/01/23 v0.5 Provides ifxetex conditional
)
(/usr/share/texmf-texlive/tex/latex/oberdiek/hycolor.sty
Package: hycolor 2009/10/02 v1.5 Code for color options of hyperref/bookmark (H
O)

(/usr/share/texmf-texlive/tex/latex/oberdiek/xcolor-patch.sty
Package: xcolor-patch 2009/10/02 xcolor patch
))
\@linkdim=\dimen154
\Hy@linkcounter=\count130
\Hy@pagecounter=\count131

(/usr/share/texmf-texlive/tex/latex/hyperref/pd1enc.def
File: pd1enc.def 2009/10/09 v6.79a Hyperref: PDFDocEncoding definition (HO)
)
(/usr/share/texmf-texlive/tex/generic/oberdiek/etexcmds.sty
Package: etexcmds 2007/12/12 v1.2 Prefix for e-TeX command names (HO)

(/usr/share/texmf-texlive/tex/generic/oberdiek/infwarerr.sty
Package: infwarerr 2007/09/09 v1.2 Providing info/warning/message (HO)
)
Package etexcmds Info: Could not find \expanded.
(etexcmds)             That can mean that you are not using pdfTeX 1.50 or
(etexcmds)             that some package has redefined \expanded.
(etexcmds)             In the latter case, load this package earlier.
)
(/usr/share/texmf-texlive/tex/latex/latexconfig/hyperref.cfg
File: hyperref.cfg 2002/06/06 v1.2 hyperref configuration of TeXLive
)
(/usr/share/texmf-texlive/tex/latex/oberdiek/kvoptions.sty
Package: kvoptions 2009/08/13 v3.4 Keyval support for LaTeX options (HO)

(/usr/share/texmf-texlive/tex/generic/oberdiek/kvsetkeys.sty
Package: kvsetkeys 2009/07/30 v1.5 Key value parser with default handler suppor
t (HO)
))
Package hyperref Info: Hyper figures OFF on input line 2975.
Package hyperref Info: Link nesting OFF on input line 2980.
Package hyperref Info: Hyper index ON on input line 2983.
Package hyperref Info: Plain pages OFF on input line 2990.
Package hyperref Info: Backreferencing OFF on input line 2995.

Implicit mode ON; LaTeX internals redefined
Package hyperref Info: Bookmarks ON on input line 3191.
(/usr/share/texmf-texlive/tex/latex/ltxmisc/url.sty
\Urlmuskip=\muskip11
Package: url 2006/04/12  ver 3.3  Verb mode for urls, etc.
)
LaTeX Info: Redefining \url on input line 3428.

(/usr/share/texmf-texlive/tex/generic/oberdiek/bitset.sty
Package: bitset 2007/09/28 v1.0 Data type bit set (HO)

(/usr/share/texmf-texlive/tex/generic/oberdiek/intcalc.sty
Package: intcalc 2007/09/27 v1.1 Expandable integer calculations (HO)
)
(/usr/share/texmf-texlive/tex/generic/oberdiek/bigintcalc.sty
Package: bigintcalc 2007/11/11 v1.1 Expandable big integer calculations (HO)

(/usr/share/texmf-texlive/tex/generic/oberdiek/pdftexcmds.sty
Package: pdftexcmds 2009/09/23 v0.6 LuaTeX support for pdfTeX utility functions
 (HO)

(/usr/share/texmf-texlive/tex/generic/oberdiek/ifluatex.sty
Package: ifluatex 2009/04/17 v1.2 Provides the ifluatex switch (HO)
Package ifluatex Info: LuaTeX not detected.
)
(/usr/share/texmf-texlive/tex/generic/oberdiek/ltxcmds.sty
Package: ltxcmds 2009/08/05 v1.0 Some LaTeX kernel commands for general use (HO
)
)
Package pdftexcmds Info: LuaTeX not detected.
Package pdftexcmds Info: \pdf@primitive is available.
Package pdftexcmds Info: \pdf@ifprimitive is available.
)))
\Fld@menulength=\count132
\Field@Width=\dimen155
\Fld@charsize=\dimen156
\Field@toks=\toks35
Package hyperref Info: Hyper figures OFF on input line 4377.
Package hyperref Info: Link nesting OFF on input line 4382.
Package hyperref Info: Hyper index ON on input line 4385.
Package hyperref Info: backreferencing OFF on input line 4392.
Package hyperref Info: Link coloring OFF on input line 4397.
Package hyperref Info: Link coloring with OCG OFF on input line 4402.
Package hyperref Info: PDF/A mode OFF on input line 4407.

(/usr/share/texmf-texlive/tex/generic/oberdiek/atbegshi.sty
Package: atbegshi 2008/07/31 v1.9 At begin shipout hook (HO)
)
\Hy@abspage=\count133
\c@Item=\count134
\c@Hfootnote=\count135
)
*hyperref using driver hypertex*
(/usr/share/texmf-texlive/tex/latex/hyperref/hypertex.def
File: hypertex.def 2009/10/09 v6.79a Hyperref driver for HyperTeX specials
)
\c@example=\count136
\c@theorem=\count137
\c@definition=\count138
 (./thesis.aux

! Package natbib Error: Bibliography not compatible with author-year citations.

(natbib)                Press <return> to continue in numerical citation style.


See the natbib package documentation for explanation.
Type  H <return>  for immediate help.
 ...                                              
                                                  
l.191 ...and\NAT@force@numbers{}\NAT@force@numbers
                                                  
? 
)
\openout1 = `thesis.aux'.

LaTeX Font Info:    Checking defaults for OML/pxmi/m/it on input line 57.
LaTeX Font Info:    Try loading font information for OML+pxmi on input line 57.

 (/usr/share/texmf-texlive/tex/latex/pxfonts/omlpxmi.fd
File: omlpxmi.fd 2000/12/14 v1.0
)
LaTeX Font Info:    ... okay on input line 57.
LaTeX Font Info:    Checking defaults for T1/cmr/m/n on input line 57.
LaTeX Font Info:    ... okay on input line 57.
LaTeX Font Info:    Checking defaults for OT1/cmr/m/n on input line 57.
LaTeX Font Info:    ... okay on input line 57.
LaTeX Font Info:    Checking defaults for OMS/pxsy/m/n on input line 57.
LaTeX Font Info:    Try loading font information for OMS+pxsy on input line 57.


(/usr/share/texmf-texlive/tex/latex/pxfonts/omspxsy.fd
File: omspxsy.fd 2000/12/14 v1.0
)
LaTeX Font Info:    ... okay on input line 57.
LaTeX Font Info:    Checking defaults for OMX/pxex/m/n on input line 57.
LaTeX Font Info:    Try loading font information for OMX+pxex on input line 57.


(/usr/share/texmf-texlive/tex/latex/pxfonts/omxpxex.fd
File: omxpxex.fd 2000/12/14 v1.0
)
LaTeX Font Info:    ... okay on input line 57.
LaTeX Font Info:    Checking defaults for U/pxexa/m/n on input line 57.
LaTeX Font Info:    Try loading font information for U+pxexa on input line 57.

(/usr/share/texmf-texlive/tex/latex/pxfonts/upxexa.fd
File: upxexa.fd 2000/12/14 v1.0
)
LaTeX Font Info:    ... okay on input line 57.
LaTeX Font Info:    Checking defaults for PD1/pdf/m/n on input line 57.
LaTeX Font Info:    ... okay on input line 57.
LaTeX Font Info:    Try loading font information for OT1+pxr on input line 57.

(/usr/share/texmf-texlive/tex/latex/pxfonts/ot1pxr.fd
File: ot1pxr.fd 2000/12/14 v1.0
)
*geometry auto-detecting driver*
*geometry detected driver: dvips*
-------------------- Geometry parameters
paper: a4paper
landscape: --
twocolumn: --
twoside: --
asymmetric: --
h-parts: 93.95122pt, 431.28667pt, 72.26999pt
v-parts: 93.95122pt, 678.82564pt, 72.26999pt
hmarginratio: --
vmarginratio: --
lines: --
heightrounded: --
bindingoffset: 0.0pt
truedimen: --
includehead: true
includefoot: true
includemp: --
driver: dvips
-------------------- Page layout dimensions and switches
\paperwidth  597.50787pt
\paperheight 845.04684pt
\textwidth  431.28667pt
\textheight 648.82564pt
\oddsidemargin  14.79555pt
\evensidemargin 17.07182pt
\topmargin  21.68123pt
\headheight 0.0pt
\headsep    0.0pt
\footskip   30.0pt
\marginparwidth 35.0pt
\marginparsep   10.0pt
\columnsep  10.0pt
\skip\footins  10.8pt plus 4.0pt minus 2.0pt
\hoffset 0.0pt
\voffset 0.0pt
\mag 1000

(1in=72.27pt, 1cm=28.45pt)
-----------------------
Package caption Info: Begin \AtBeginDocument code.
Package caption3 Info: subfig package 1.2 or 1.3 is loaded.
LaTeX Info: Redefining \subref on input line 57.
Package caption Info: hyperref package is loaded.
Package caption Info: threeparttable package is loaded.
Package caption Info: End \AtBeginDocument code.
Package hyperref Info: Link coloring OFF on input line 57.
(/usr/share/texmf-texlive/tex/latex/hyperref/nameref.sty
Package: nameref 2007/05/29 v2.31 Cross-referencing by name of section

(/usr/share/texmf-texlive/tex/latex/oberdiek/refcount.sty
Package: refcount 2008/08/11 v3.1 Data extraction from references (HO)
)
\c@section@level=\count139
)
LaTeX Info: Redefining \ref on input line 57.
LaTeX Info: Redefining \pageref on input line 57.
\AtBeginShipoutBox=\box36
File: iitm.eps Graphic file (type eps)
 <iitm.eps> [0

]
Certificate

Underfull \hbox (badness 10000) in paragraph at lines 93--98

 []

[0

] (./acknowledgement.tex
Underfull \hbox (badness 10000) in paragraph at lines 25--26

 []


Underfull \hbox (badness 10000) in paragraph at lines 25--26

 []


Underfull \hbox (badness 10000) in paragraph at lines 25--26

 []


Underfull \hbox (badness 10000) in paragraph at lines 25--26

 []


Underfull \hbox (badness 10000) in paragraph at lines 25--26

 []


Underfull \hbox (badness 10000) in paragraph at lines 25--26

 []


Underfull \hbox (badness 10000) in paragraph at lines 25--26

 []


Underfull \hbox (badness 10000) in paragraph at lines 25--26

 []


Underfull \hbox (badness 10000) in paragraph at lines 25--26

 []


Underfull \hbox (badness 10000) in paragraph at lines 25--26

 []


Underfull \hbox (badness 10000) in paragraph at lines 25--26

 []


Underfull \hbox (badness 10000) in paragraph at lines 25--26

 []

[1

] [2]) [3] (./abstract.tex) [4

] (./thesis.toc
LaTeX Font Info:    Try loading font information for U+rsfs on input line 8.

(/usr/share/texmf-texlive/tex/latex/jknapltx/ursfs.fd
File: ursfs.fd 1998/03/24 rsfs font definition file (jk)
)
LaTeX Font Info:    Try loading font information for U+pxmia on input line 8.

(/usr/share/texmf-texlive/tex/latex/pxfonts/upxmia.fd
File: upxmia.fd 2000/12/14 v1.0
)
LaTeX Font Info:    Try loading font information for U+msa on input line 8.

(/usr/share/texmf-texlive/tex/latex/amsfonts/umsa.fd
File: umsa.fd 2009/06/22 v3.00 AMS symbols A
)
LaTeX Font Info:    Try loading font information for U+msb on input line 8.

(/usr/share/texmf-texlive/tex/latex/amsfonts/umsb.fd
File: umsb.fd 2009/06/22 v3.00 AMS symbols B
)
LaTeX Font Info:    Try loading font information for U+pxsyc on input line 8.

(/usr/share/texmf-texlive/tex/latex/pxfonts/upxsyc.fd
File: upxsyc.fd 2000/12/14 v1.0
) [5

] [6])
\tf@toc=\write4
\openout4 = `thesis.toc'.

 [7]
(./thesis.lot)
\tf@lot=\write5
\openout5 = `thesis.lot'.

 [8

] (./thesis.lof)
\tf@lof=\write6
\openout6 = `thesis.lof'.

 [9

] [10

] [11

]
CHAPTER 1.
(./introduction.tex
Missing character: There is no ‚ in font pxr!
Missing character: There is no Ä in font pxr!
Missing character: There is no ò in font pxr!
Missing character: There is no ‚ in font pxr!
Missing character: There is no Ä in font pxr!
Missing character: There is no ô in font pxr!
Missing character: There is no ‚ in font pxr!
Missing character: There is no Ä in font pxr!
Missing character: There is no ò in font pxr!
Missing character: There is no ‚ in font pxr!
Missing character: There is no Ä in font pxr!
Missing character: There is no ô in font pxr!
Missing character: There is no ‚ in font pxr!
Missing character: There is no Ä in font pxr!
Missing character: There is no î in font pxr!
 [1


]) [2]
CHAPTER 2.
(./preliminaries.tex [3

]
LaTeX Font Info:    Try loading font information for OMS+pxr on input line 23.
 (/usr/share/texmf-texlive/tex/latex/pxfonts/omspxr.fd
File: omspxr.fd 2000/12/14 v1.0
)
LaTeX Font Info:    Font shape `OMS/pxr/m/it' in size <12> not available
(Font)              Font shape `OMS/pxsy/m/n' tried instead on input line 23.
LaTeX Font Info:    Font shape `OMS/pxr/m/n' in size <12> not available
(Font)              Font shape `OMS/pxsy/m/n' tried instead on input line 31.
[4] [5]
Overfull \hbox (24.58714pt too wide) in paragraph at lines 77--79
[]\OT1/pxr/m/n/12 The base of one nu-cleotide in-ter-acts with the base of othe
r to form a weak(\OT1/pxr/m/it/12 hydrogen\OT1/pxr/m/n/12 )
 []

[6]
Underfull \hbox (badness 10000) in paragraph at lines 122--125

 []


Overfull \hbox (14.99998pt too wide) in paragraph at lines 120--151
[][] 
 []


LaTeX Warning: `h' float specifier changed to `ht'.

[7]
Overfull \hbox (15.46379pt too wide) in paragraph at lines 175--178
\OT1/pxr/m/n/12 Each rule in $\OML/pxmi/m/it/12 P$ \OT1/pxr/m/n/12 is of the fo
rm $\OML/pxmi/m/it/12 X \OMS/pxsy/m/n/12 ! \OML/pxmi/m/it/12 x\OT1/pxr/m/n/12 (
\OML/pxmi/m/it/12 X[]; X[]; []  ; x[]\OT1/pxr/m/n/12 )\OML/pxmi/m/it/12 ; p \OM
S/pxsy/m/n/12 ^^U \OT1/pxr/m/n/12 0$, where $\OML/pxmi/m/it/12 X; X[]; X[]; [] 
 ; X[] \OMS/pxsy/m/n/12 2
 []

[8]
Underfull \hbox (badness 10000) in paragraph at lines 213--219

 []


Overfull \hbox (16.84229pt too wide) in paragraph at lines 236--244
[]\OT1/pxr/m/n/12 Each tran-si-tion rule is a triple of the form $((\OML/pxmi/m
/it/12 q[]; q[]; []  ; q[]\OT1/pxr/m/n/12 )\OML/pxmi/m/it/12 ; f; q\OT1/pxr/m/n
/12 )$ where $\OML/pxmi/m/it/12 q[]; q[]; []  ; q[]; q \OMS/pxsy/m/n/12 2
 []


Overfull \hbox (33.96147pt too wide) in paragraph at lines 236--244
\OML/pxmi/m/it/12 Q; f \OMS/pxsy/m/n/12 2 \OT1/pxr/m/n/12 ^^F[]$, i.e. $\OML/px
mi/m/it/12 Rank\OT1/pxr/m/n/12 (\OML/pxmi/m/it/12 f\OT1/pxr/m/n/12 ) = \OML/pxm
i/m/it/12 n$\OT1/pxr/m/n/12 . We use $\OML/pxmi/m/it/12 f\OT1/pxr/m/n/12 (\OML/
pxmi/m/it/12 q[]; q[]; []  ; q[]\OT1/pxr/m/n/12 ) \OMS/pxsy/m/n/12 ! \OML/pxmi/
m/it/12 q$ \OT1/pxr/m/n/12 to de-note that $((\OML/pxmi/m/it/12 q[]; q[]; []  ;
 q[]\OT1/pxr/m/n/12 )\OML/pxmi/m/it/12 ; f; q\OT1/pxr/m/n/12 ) \OMS/pxsy/m/n/12
 2
 []

[9]
Underfull \hbox (badness 10000) in paragraph at lines 245--248

 []


Underfull \hbox (badness 10000) in paragraph at lines 249--255

 []

[10] [11]) [12]
CHAPTER 3.
(./earlierwork/earlierwork.tex (./earlierwork/insdel_system.tex [13

]

LaTeX Warning: Reference `dna_insert' on page 14 undefined on input line 40.

[14]

LaTeX Warning: Reference `dna_delet' on page 15 undefined on input line 45.

Missing character: There is no ‚ in font pxr!
Missing character: There is no à in font pxr!
Missing character: There is no í in font pxr!
Missing character: There is no ‚ in font pxr!
Missing character: There is no à in font pxr!
Missing character: There is no à in font pxr!
[15]
Missing character: There is no ‚ in font pxr!
Missing character: There is no à in font pxr!
Missing character: There is no ó in font pxr!
 [16]
Missing character: There is no ‚ in font pxr!
Missing character: There is no Ä in font pxr!
Missing character: There is no ú in font pxr!
Missing character: There is no ‚ in font pxr!
Missing character: There is no Ä in font pxr!
Missing character: There is no ù in font pxr!


Package caption Warning: \label before \caption on input line 150.
See the caption package documentation for explanation.


LaTeX Warning: Reference `ins_tble1' on page 17 undefined on input line 128.

) (./earlierwork/topdown_early.tex [17]
Underfull \hbox (badness 10000) in paragraph at lines 195--269
[][]$\OMS/pxsy/m/n/6 )$ []$)$
 []


Underfull \hbox (badness 10000) in paragraph at lines 303--377
[][][]$\OMS/pxsy/m/n/6 )$
 []

[18]) (./earlierwork/extended_topdown_early.tex

LaTeX Warning: `h' float specifier changed to `ht'.


Underfull \hbox (badness 10000) in paragraph at lines 54--147
[][]$\OMS/pxsy/m/n/6 )$ []$)$
 []

) (./earlierwork/extended_multi_bottomup_early.tex
Underfull \hbox (badness 10000) in paragraph at lines 30--251
[][]$\OMS/pxsy/m/n/6 )$ []$)$ []$)$ []$)$ []$)$ []$)$
 []


LaTeX Warning: `h' float specifier changed to `ht'.

)) [19] [20] [21]
CHAPTER 4.
(./workdone.tex (./treeinsertion/tree_insertion.tex [22

]
Underfull \hbox (badness 10000) in paragraph at lines 29--32

 []


Underfull \hbox (badness 10000) in paragraph at lines 56--58

 []


Underfull \hbox (badness 10000) in paragraph at lines 66--67

 []


Overfull \hbox (68.32791pt too wide) in paragraph at lines 72--155
[]\OT1/pxr/m/n/12 Suppose [] is a tree $\OML/pxmi/m/it/10.95 A[] \OT1/pxr/m/n/1
0.95 = []$ \OT1/pxr/m/n/12 be the ax-iom and []
 []

[23]
Underfull \hbox (badness 10000) in paragraph at lines 158--165

 []


Overfull \hbox (0.58157pt too wide) in paragraph at lines 158--165
\OML/pxmi/m/it/12 L\OT1/pxr/m/n/12 (^^@) = []$ 
 []


Underfull \hbox (badness 10000) in paragraph at lines 158--165

 []


Underfull \hbox (badness 10000) in paragraph at lines 168--219

 []


Underfull \hbox (badness 10000) in paragraph at lines 168--219

 []


Underfull \hbox (badness 10000) in paragraph at lines 168--219

 []

[24]
Underfull \hbox (badness 10000) in paragraph at lines 223--279

 []


Underfull \hbox (badness 10000) in paragraph at lines 295--368

 []


Underfull \hbox (badness 10000) in paragraph at lines 295--368

 []


Underfull \hbox (badness 10000) in paragraph at lines 295--368

 []


Underfull \hbox (badness 10000) in paragraph at lines 295--368

 []

[25]
Underfull \hbox (badness 10000) in paragraph at lines 373--507

 []


Underfull \hbox (badness 10000) in paragraph at lines 373--507

 []

[26]
Underfull \hbox (badness 10000) in paragraph at lines 510--512

 []


Underfull \hbox (badness 10000) in paragraph at lines 510--512

 []


Underfull \hbox (badness 10000) in paragraph at lines 513--604

 []


Underfull \hbox (badness 10000) in paragraph at lines 513--604

 []


Underfull \hbox (badness 10000) in paragraph at lines 607--754

 []


Underfull \hbox (badness 10000) in paragraph at lines 607--754

 []

[27]
Underfull \hbox (badness 10000) in paragraph at lines 758--809

 []


Underfull \hbox (badness 10000) in paragraph at lines 758--809

 []


Underfull \hbox (badness 10000) in paragraph at lines 812--921

 []


Underfull \hbox (badness 10000) in paragraph at lines 812--921

 []

[28] [29]
Overfull \hbox (30.81529pt too wide) in paragraph at lines 952--954
[]$\OML/pxmi/m/it/12 N$ \OT1/pxr/m/n/12 con-tains the start sym-bol $\OML/pxmi/
m/it/12 S$ \OT1/pxr/m/n/12 ini-tially and more sym-bols of the form $\OML/pxmi/
m/it/12 M[]; M[]; []  ; M[]$
 []


Underfull \hbox (badness 10000) in paragraph at lines 976--1032

 []


Underfull \hbox (badness 10000) in paragraph at lines 976--1032

 []


Underfull \hbox (badness 10000) in paragraph at lines 976--1032

 []


Underfull \hbox (badness 10000) in paragraph at lines 976--1032

 []

[30]
Underfull \hbox (badness 10000) in paragraph at lines 1037--1099

 []


Underfull \hbox (badness 10000) in paragraph at lines 1037--1099

 []


Underfull \hbox (badness 10000) in paragraph at lines 1037--1099

 []


Underfull \hbox (badness 10000) in paragraph at lines 1037--1099

 []

[31]
Underfull \hbox (badness 10000) in paragraph at lines 1104--1186

 []


Underfull \hbox (badness 10000) in paragraph at lines 1104--1186

 []


Underfull \hbox (badness 10000) in paragraph at lines 1104--1186

 []


Underfull \hbox (badness 10000) in paragraph at lines 1104--1186

 []


Overfull \hbox (22.62157pt too wide) in paragraph at lines 1104--1186
[] \OT1/pxr/m/n/12 = \OMS/pxsy/m/n/12 f\OML/pxmi/m/it/12 S \OMS/pxsy/m/n/12 ! \
OML/pxmi/m/it/12 a\OT1/pxr/m/n/12 (\OML/pxmi/m/it/12 B; C\OT1/pxr/m/n/12 )\OML/
pxmi/m/it/12 ; B \OMS/pxsy/m/n/12 ! \OML/pxmi/m/it/12 b\OT1/pxr/m/n/12 (\OML/px
mi/m/it/12 B[]\OT1/pxr/m/n/12 )\OML/pxmi/m/it/12 ; B[] \OMS/pxsy/m/n/12 ! \OML/
pxmi/m/it/12 b\OT1/pxr/m/n/12 (\OML/pxmi/m/it/12 B[]\OT1/pxr/m/n/12 )\OML/pxmi/
m/it/12 ; B[] \OMS/pxsy/m/n/12 ! \OML/pxmi/m/it/12 b\OT1/pxr/m/n/12 (\OML/pxmi/
m/it/12 B\OT1/pxr/m/n/12 )\OMS/pxsy/m/n/12 j\OML/pxmi/m/it/12 b\OT1/pxr/m/n/12 
(\OML/pxmi/m/it/12 H\OT1/pxr/m/n/12 )\OML/pxmi/m/it/12 ; C \OMS/pxsy/m/n/12 ! \
OML/pxmi/m/it/12 c\OT1/pxr/m/n/12 (\OML/pxmi/m/it/12 C[]\OT1/pxr/m/n/12 )\OML/p
xmi/m/it/12 ; C[] \OMS/pxsy/m/n/12 ! \OML/pxmi/m/it/12 c\OT1/pxr/m/n/12 (\OML/p
xmi/m/it/12 C\OT1/pxr/m/n/12 )\OMS/pxsy/m/n/12 j\OML/pxmi/m/it/12 c\OT1/pxr/m/n
/12 (\OML/pxmi/m/it/12 H\OT1/pxr/m/n/12 )\OML/pxmi/m/it/12 ; H \OMS/pxsy/m/n/12
 !
 []

[32]
Overfull \hbox (15.36435pt too wide) in paragraph at lines 1187--1189
[]\OT1/pxr/m/it/12 The reg-u-lar tree gram-mar cor-re-spond-ing to $\OT1/pxr/m/
n/12 ^^@[]$ \OT1/pxr/m/it/12 is $\OML/pxmi/m/it/12 G[] \OT1/pxr/m/n/12 = (\OMS/
pxsy/m/n/12 f\OML/pxmi/m/it/12 S; B; B[]; B[]; C; H\OMS/pxsy/m/n/12 g\OML/pxmi/
m/it/12 ; \OMS/pxsy/m/n/12 f\OML/pxmi/m/it/12 a; b; c; h\OMS/pxsy/m/n/12 g\OML/
pxmi/m/it/12 ; S; []\OT1/pxr/m/n/12 )$ 
 []


Overfull \hbox (30.81529pt too wide) in paragraph at lines 1196--1198
[]$\OML/pxmi/m/it/12 N$ \OT1/pxr/m/n/12 con-tains the start sym-bol $\OML/pxmi/
m/it/12 S$ \OT1/pxr/m/n/12 ini-tially and more sym-bols of the form $\OML/pxmi/
m/it/12 M[]; M[]; []  ; M[]$
 []


Underfull \hbox (badness 10000) in paragraph at lines 1202--1209

 []

[33]
Overfull \hbox (12.64034pt too wide) in paragraph at lines 1227--1229
[]$\OML/pxmi/m/it/12 P \OMS/pxsy/m/n/12 ! \OML/pxmi/m/it/12 p\OT1/pxr/m/n/12 (\
OML/pxmi/m/it/12 Y[]; Y[]; []  ; Y[]\OT1/pxr/m/n/12 )$ will be a pro-duc-tion r
ule with $\OML/pxmi/m/it/12 Y[] \OT1/pxr/m/n/12 = \OML/pxmi/m/it/12 RT[]; \OMS/
pxsy/m/n/12 8\OML/pxmi/m/it/12 j[]X[] \U/pxsyc/m/n/12 <
 []

[34]
Overfull \hbox (15.20857pt too wide) in paragraph at lines 1288--1290
[]\OT1/pxr/m/n/12 If $\OMS/pxsy/m/n/12 8\OML/pxmi/m/it/12 k; Y[] \OT1/pxr/m/n/1
2 = \OML/pxmi/m/it/12 RT[]$ \OT1/pxr/m/n/12 for some $\OML/pxmi/m/it/12 rt[]$\O
T1/pxr/m/n/12 in [], then []
 []


Underfull \hbox (badness 10000) in paragraph at lines 1301--1302

 []


Underfull \hbox (badness 10000) in paragraph at lines 1301--1302

 []


Underfull \hbox (badness 10000) in paragraph at lines 1303--1304

 []


Underfull \hbox (badness 10000) in paragraph at lines 1305--1308

 []


Underfull \hbox (badness 10000) in paragraph at lines 1310--1365

 []


Underfull \hbox (badness 10000) in paragraph at lines 1368--1427

 []


Underfull \hbox (badness 10000) in paragraph at lines 1428--1437

 []


Underfull \hbox (badness 10000) in paragraph at lines 1428--1437

 []

[35]
Underfull \hbox (badness 10000) in paragraph at lines 1456--1457

 []


Underfull \hbox (badness 10000) in paragraph at lines 1456--1457

 []


Underfull \hbox (badness 10000) in paragraph at lines 1458--1459

 []


Underfull \hbox (badness 10000) in paragraph at lines 1460--1545

 []


Underfull \hbox (badness 10000) in paragraph at lines 1460--1545

 []


Underfull \hbox (badness 10000) in paragraph at lines 1546--1552

 []


Underfull \hbox (badness 10000) in paragraph at lines 1546--1552

 []

[36]
Overfull \hbox (118.06715pt too wide) in alignment at lines 1554--1560
 [][][] []
 []


Underfull \hbox (badness 10000) in paragraph at lines 1567--1677

 []


Underfull \hbox (badness 10000) in paragraph at lines 1567--1677

 []


Underfull \hbox (badness 10000) in paragraph at lines 1567--1677

 []


Underfull \hbox (badness 10000) in paragraph at lines 1567--1677

 []

[37] [38]
Overfull \hbox (19.96275pt too wide) in paragraph at lines 1714--1728
\OML/pxmi/m/it/12 Q$\OT1/pxr/m/n/12 , $\OML/pxmi/m/it/12 p \OMS/pxsy/m/n/12 2 \
OT1/pxr/m/n/12 ^^F[]$, $\OML/pxmi/m/it/12 k$ \OT1/pxr/m/n/12 is the ar-ity of n
ode with la-bel $\OML/pxmi/m/it/12 p$ \OT1/pxr/m/n/12 and $\OML/pxmi/m/it/12 q[
] \OMS/pxsy/m/n/12 2 \OML/pxmi/m/it/12 Q[]$\OT1/pxr/m/n/12 , $[]$
 []

[39]

LaTeX Font Warning: Command \tiny invalid in math mode on input line 1956.


LaTeX Font Warning: Command \tiny invalid in math mode on input line 1968.


Overfull \hbox (90.97235pt too wide) in paragraph at lines 1988--1990
[]\OT1/pxr/m/n/12 For each tran-si-tions of the form $\OML/pxmi/m/it/12 a \OMS/
pxsy/m/n/12 ! \OML/pxmi/m/it/12 q[] \OMS/pxsy/m/n/12 2 \OT1/pxr/m/n/12 ^^A$ whe
re, $\OML/pxmi/m/it/12 a \OMS/pxsy/m/n/12 2 \OT1/pxr/m/n/12 ^^F[]\OML/pxmi/m/it
/12 ; q[] \OMS/pxsy/m/n/12 2 \OML/pxmi/m/it/12 Q$\OT1/pxr/m/n/12 , $\OML/pxmi/m
/it/12 a[]\OMS/pxsy/m/n/12 A[]\OML/pxmi/m/it/12 ; []$[]$[]a$
 []


Overfull \hbox (2.68903pt too wide) in paragraph at lines 2030--2034
[][]\OT1/pxr/bx/n/12 Example 26. []$\OML/pxmi/m/it/12 L[] \OT1/pxr/m/n/12 = \OM
S/pxsy/m/n/12 f\OML/pxmi/m/it/12 a\OT1/pxr/m/n/12 (\OML/pxmi/m/it/12 b[]\OT1/px
r/m/n/12 (\OML/pxmi/m/it/12 h\OT1/pxr/m/n/12 )\OML/pxmi/m/it/12 ; c[]\OT1/pxr/m
/n/12 (\OML/pxmi/m/it/12 h\OT1/pxr/m/n/12 ))\OML/pxmi/m/it/12 ; i; j \OMS/pxsy/
m/n/12 ^^U \OT1/pxr/m/n/12 1\OMS/pxsy/m/n/12 g$ \OT1/pxr/m/it/12 Con-sider the 
tree au-tomata $\OML/pxmi/m/it/12 D[] \OT1/pxr/m/n/12 = (\OML/pxmi/m/it/12 Q; \
OT1/pxr/m/n/12 ^^F[]\OML/pxmi/m/it/12 ; Q[]; \OT1/pxr/m/n/12 ^^A)$
 []


Overfull \hbox (32.01904pt too wide) in paragraph at lines 2030--2034
\OT1/pxr/m/it/12 which ac-cepts the lan-guage $\OML/pxmi/m/it/12 L[]$ \OT1/pxr/
m/it/12 over the al-pha-bet $\OT1/pxr/m/n/12 ^^F[] = \OMS/pxsy/m/n/12 f\OML/pxm
i/m/it/12 a[]; b[]; c[]; h[]\OMS/pxsy/m/n/12 g$ \OT1/pxr/m/it/12 where $\OML/px
mi/m/it/12 Q \OT1/pxr/m/n/12 = \OMS/pxsy/m/n/12 f\OML/pxmi/m/it/12 q[]; q[]; q[
]; q[]\OMS/pxsy/m/n/12 g\OML/pxmi/m/it/12 ; Q[] \OT1/pxr/m/n/12 =
 []


Underfull \hbox (badness 10000) in paragraph at lines 2030--2034

 []

[40]
Underfull \hbox (badness 10000) in paragraph at lines 2044--2120

 []


Underfull \hbox (badness 10000) in paragraph at lines 2044--2120

 []


Underfull \hbox (badness 10000) in paragraph at lines 2125--2129

 []


Underfull \hbox (badness 10000) in paragraph at lines 2140--2509

 []


Underfull \hbox (badness 10000) in paragraph at lines 2140--2509

 []

[41]
Underfull \hbox (badness 10000) in paragraph at lines 2513--2517

 []


Underfull \hbox (badness 10000) in paragraph at lines 2513--2517

 []

[42]
Underfull \hbox (badness 10000) in paragraph at lines 2587--2658

 []


Underfull \hbox (badness 10000) in paragraph at lines 2587--2658

 []


Underfull \hbox (badness 10000) in paragraph at lines 2587--2658

 []


Underfull \hbox (badness 10000) in paragraph at lines 2587--2658

 []


Underfull \hbox (badness 10000) in paragraph at lines 2666--2670

 []


Underfull \hbox (badness 10000) in paragraph at lines 2666--2670

 []

[43]
Underfull \hbox (badness 10000) in paragraph at lines 2680--2773

 []


Underfull \hbox (badness 10000) in paragraph at lines 2680--2773

 []


Underfull \hbox (badness 10000) in paragraph at lines 2680--2773

 []


Underfull \hbox (badness 10000) in paragraph at lines 2680--2773

 []


Underfull \hbox (badness 10000) in paragraph at lines 2781--2785

 []


Underfull \hbox (badness 10000) in paragraph at lines 2781--2785

 []

[44]
Underfull \hbox (badness 10000) in paragraph at lines 2786--2791

 []


Underfull \hbox (badness 10000) in paragraph at lines 2786--2791

 []


Overfull \hbox (32.49101pt too wide) in alignment at lines 2797--3038
 [][][] []
 []


Underfull \hbox (badness 10000) in paragraph at lines 3038--3040

 []

[45]
Underfull \hbox (badness 10000) in paragraph at lines 3049--3110

 []


Underfull \hbox (badness 10000) in paragraph at lines 3111--3113

 []


Underfull \hbox (badness 10000) in paragraph at lines 3114--3125

 []


Underfull \hbox (badness 10000) in paragraph at lines 3114--3125

 []

[46]
Underfull \hbox (badness 10000) in paragraph at lines 3126--3128

 []


Underfull \hbox (badness 10000) in paragraph at lines 3138--3142

 []


Underfull \hbox (badness 10000) in paragraph at lines 3138--3142

 []


Underfull \hbox (badness 10000) in paragraph at lines 3143--3148

 []


Underfull \hbox (badness 10000) in paragraph at lines 3143--3148

 []


Overfull \hbox (32.20645pt too wide) in alignment at lines 3154--3395
 [][][] []
 []

[47]
Underfull \hbox (badness 10000) in paragraph at lines 3395--3397

 []


Underfull \hbox (badness 10000) in paragraph at lines 3406--3467

 []

[48]
Underfull \hbox (badness 10000) in paragraph at lines 3468--3470

 []


Underfull \hbox (badness 10000) in paragraph at lines 3471--3482

 []


Underfull \hbox (badness 10000) in paragraph at lines 3471--3482

 []


Underfull \hbox (badness 10000) in paragraph at lines 3483--3485

 []


Underfull \hbox (badness 10000) in paragraph at lines 3488--3491

 []


Underfull \hbox (badness 10000) in paragraph at lines 3488--3491

 []

[49] [50]
Overfull \hbox (26.83932pt too wide) in paragraph at lines 3729--3731
\OT1/pxr/m/n/12 for some con-text free gram-mars like $\OML/pxmi/m/it/12 G \OT1
/pxr/m/n/12 = ([]\OML/pxmi/m/it/12 ; []; []; S\OT1/pxr/m/n/12 )$. 
 []


Package caption Warning: \label before \caption on input line 3820.
See the caption package documentation for explanation.


LaTeX Warning: Reference `xtnd_prstree1' on page 51 undefined on input line 379
3.

[51] [52]
Missing character: There is no ‚ in font pxi!
Missing character: There is no Ä in font pxi!
Missing character: There is no ì in font pxi!

Underfull \hbox (badness 2591) in paragraph at lines 4015--4015
[]\OT1/pxr/m/it/12 S. Mar-cus, Con-tex-tual gram-mars, Rev. Roum. Math. Pures A
ppl., 14
 []

Missing character: There is no ‚ in font pxi!
Missing character: There is no Ä in font pxi!
Missing character: There is no ì in font pxi!
[53

] [54]) (./transducer/extended_topdown.tex
LaTeX Font Info:    Try loading font information for OT1+pxtt on input line 3.

(/usr/share/texmf-texlive/tex/latex/pxfonts/ot1pxtt.fd
File: ot1pxtt.fd 2000/12/14 v1.0
)
Overfull \hbox (1.53737pt too wide) in paragraph at lines 5--5
[]|  \OT1/pxtt/m/n/12 To check whether a top-down sequence in a tree is matchin
g with 
 []


Overfull \hbox (7.83736pt too wide) in paragraph at lines 8--8
[]| \OT1/pxtt/m/n/12 The function 'lhs' take a node sequence (in top-down manne
r) from
 []


Underfull \hbox (badness 10000) in paragraph at lines 11--11

 []


Underfull \hbox (badness 10000) in paragraph at lines 12--12

 []


Overfull \hbox (27.86449pt too wide) in paragraph at lines 16--16
[]| \OT1/pxtt/m/n/12 If a match with a node, reset the $\OML/pxmi/m/it/12 root[
]rray[]bl$ \OT1/pxtt/m/n/12 to start the operation
 []


Overfull \hbox (26.13734pt too wide) in paragraph at lines 18--18
[]| \OT1/pxtt/m/n/12 Copies the RHS of the matching transtion function with and
 without
 []


Overfull \hbox (13.53737pt too wide) in paragraph at lines 20--20
[]| \OT1/pxtt/m/n/12 For each string in RHS call the function 'rhs' to process 
in the
 []


Overfull \hbox (13.53737pt too wide) in paragraph at lines 22--22
[]|  \OT1/pxtt/m/n/12 If no match read the whole line so that we can search fro
m next
 []


Underfull \hbox (badness 10000) in paragraph at lines 192--264
[][]$\OMS/pxsy/m/n/6 )$ []$)$
 []


Underfull \hbox (badness 10000) in paragraph at lines 296--376
[][]$\OMS/pxsy/m/n/6 )$ []$)$
 []

[55]

LaTeX Warning: `h' float specifier changed to `ht'.


Overfull \hbox (27.51872pt too wide) in paragraph at lines 473--950
[][]$\OMS/pxsy/m/n/6 )$ []$)$
 []


Overfull \hbox (95.50555pt too wide) in paragraph at lines 473--950
[]$\OMS/pxsy/m/n/6 )$ []$)$
 []


Overfull \hbox (78.42981pt too wide) in paragraph at lines 473--950
[]$\OMS/pxsy/m/n/6 )$ []$)$
 []


Overfull \hbox (65.60788pt too wide) in paragraph at lines 473--950
[]$\OMS/pxsy/m/n/6 )$ []$)$
 []


Underfull \hbox (badness 10000) in paragraph at lines 473--950
[]$\OMS/pxsy/m/n/6 )$
 []

) (./transducer/extended_multi_bottomup.tex
Underfull \hbox (badness 10000) in paragraph at lines 5--5

 []


Overfull \hbox (15.86449pt too wide) in paragraph at lines 7--7
[]|  \OT1/pxtt/m/n/12 If a match with a node, reset the $\OML/pxmi/m/it/12 root
[]rray[]bl$\OT1/pxtt/m/n/12 to start the operation
 []


Underfull \hbox (badness 10000) in paragraph at lines 7--7

 []


Overfull \hbox (7.23738pt too wide) in paragraph at lines 9--9
[]| \OT1/pxtt/m/n/12 Copies the first string from the LHS of the transition fun
ction 
 []


Overfull \hbox (49.84047pt too wide) in paragraph at lines 10--10
[]| \OT1/pxtt/m/n/12 Search the $\OML/pxmi/m/it/12 root[]rray[]emp$ \OT1/pxtt/m
/n/12 for the matching LHS (first string) and replace
 []


Overfull \hbox (26.13734pt too wide) in paragraph at lines 11--11
[]| \OT1/pxtt/m/n/12 To count how many words are there in the RHS of a producti
on rule. 
 []


Underfull \hbox (badness 10000) in paragraph at lines 11--11

 []


Overfull \hbox (21.03731pt too wide) in paragraph at lines 12--12
[]\OT1/pxtt/m/n/12 For each string in RHS call the function 'rhs' to process in
 the tree 
 []


Underfull \hbox (badness 10000) in paragraph at lines 12--12

 []


Overfull \hbox (7.23738pt too wide) in paragraph at lines 14--14
[]| \OT1/pxtt/m/n/12 If no match read the whole line so that we can search from
 next
 []


Overfull \hbox (34.16447pt too wide) in paragraph at lines 16--16
[]|  \OT1/pxtt/m/n/12 If a match with a node, reset the $\OML/pxmi/m/it/12 root
[]rray[]bl$ \OT1/pxtt/m/n/12 to start the operation
 []


Overfull \hbox (32.43733pt too wide) in paragraph at lines 17--17
[]|  \OT1/pxtt/m/n/12 Copies the RHS of the matching transtion function with an
d without
 []


Overfull \hbox (13.53737pt too wide) in paragraph at lines 20--20
[]|  \OT1/pxtt/m/n/12 If no match read the whole line so that we can search fro
m next
 []


Overfull \hbox (49.84047pt too wide) in paragraph at lines 22--22
[]| \OT1/pxtt/m/n/12 Search the $\OML/pxmi/m/it/12 root[]rray[]emp$ \OT1/pxtt/m
/n/12 for the matching LHS (first string) and replace
 []

[56] [57] [58]
Overfull \vbox (293.02708pt too high) has occurred while \output is active []


[59]
Underfull \hbox (badness 10000) in paragraph at lines 54--210
[][]$\OMS/pxsy/m/n/6 )$ []$)$ []$)$ []$)$ []$)$
 []

) (./learning/learning_dta.tex)) [60]
CHAPTER 5.
(./observation.tex (./treeinsertion/blocked_tree_insertion.tex [61

]
Underfull \hbox (badness 10000) in paragraph at lines 25--28

 []


Underfull \hbox (badness 10000) in paragraph at lines 51--58

 []


Overfull \hbox (5.96956pt too wide) in paragraph at lines 51--58
\OML/pxmi/m/it/12 L\OT1/pxr/m/n/12 (^^@[]) = []$ 
 []


Underfull \hbox (badness 10000) in paragraph at lines 51--58

 []


Underfull \hbox (badness 10000) in paragraph at lines 59--88

 []


Underfull \hbox (badness 10000) in paragraph at lines 59--88

 []


Underfull \hbox (badness 10000) in paragraph at lines 59--88

 []

[62]
Underfull \hbox (badness 10000) in paragraph at lines 89--123

 []


Underfull \hbox (badness 10000) in paragraph at lines 89--123

 []


Underfull \hbox (badness 10000) in paragraph at lines 89--123

 []

) (./treeinsertion/insertion_tree_automata.tex [63]
Underfull \hbox (badness 10000) in paragraph at lines 25--28

 []

[64]
Underfull \hbox (badness 10000) in paragraph at lines 29--52

 []


Underfull \hbox (badness 10000) in paragraph at lines 53--88

 []


Underfull \hbox (badness 10000) in paragraph at lines 53--88

 []


Underfull \hbox (badness 10000) in paragraph at lines 53--88

 []


Underfull \hbox (badness 10000) in paragraph at lines 53--88

 []


Underfull \hbox (badness 10000) in paragraph at lines 53--88

 []


Underfull \hbox (badness 10000) in paragraph at lines 53--88

 []


Underfull \hbox (badness 10000) in paragraph at lines 53--88

 []


Underfull \hbox (badness 10000) in paragraph at lines 53--88

 []

[65]
Underfull \hbox (badness 10000) in paragraph at lines 96--119

 []

[66]
Underfull \hbox (badness 10000) in paragraph at lines 120--168

 []


Underfull \hbox (badness 10000) in paragraph at lines 120--168

 []


Underfull \hbox (badness 10000) in paragraph at lines 120--168

 []


Underfull \hbox (badness 10000) in paragraph at lines 120--168

 []


Underfull \hbox (badness 10000) in paragraph at lines 120--168

 []

[67]) (./transducer/transducer_insertion.tex

LaTeX Warning: `h' float specifier changed to `ht'.


Underfull \hbox (badness 10000) in paragraph at lines 52--99

 []

[68]))
Underfull \hbox (badness 10000) in paragraph at lines 175--210

 []

[69] [70]
CHAPTER 6.
(./conclusion.tex) [71

]
APPENDIX A.
[72

] [73

] (./thesis.bbl) [74

] (./thesis.aux)

LaTeX Warning: There were undefined references.

 ) 
Here is how much of TeX's memory you used:
 10280 strings out of 495047
 143001 string characters out of 1181961
 384389 words of memory out of 3000000
 13192 multiletter control sequences out of 15000+50000
 23926 words of font info for 80 fonts, out of 3000000 for 9000
 28 hyphenation exceptions out of 8191
 43i,25n,73p,340b,1526s stack positions out of 5000i,500n,10000p,200000b,50000s

Output written on thesis.dvi (87 pages, 967508 bytes).
